C:\USERS\OP\DOCUMENTS\VISUAL STUDIO 2012\PROJECTS\FW_20150515\FW_20150515\DEBUG\FW_20150515.PCH
C:\USERS\OP\DOCUMENTS\VISUAL STUDIO 2012\PROJECTS\FW_20150515\FW_20150515\DEBUG\STDAFX.OBJ
C:\USERS\OP\DOCUMENTS\VISUAL STUDIO 2012\PROJECTS\FW_20150515\FW_20150515\DEBUG\VC110.PDB
C:\USERS\OP\DOCUMENTS\VISUAL STUDIO 2012\PROJECTS\FW_20150515\FW_20150515\DEBUG\FW_20150515.OBJ
C:\USERS\OP\DOCUMENTS\VISUAL STUDIO 2012\PROJECTS\FW_20150515\FW_20150515\DEBUG\SPACEGENERATOR.OBJ
C:\USERS\OP\DOCUMENTS\VISUAL STUDIO 2012\PROJECTS\FW_20150515\FW_20150515\DEBUG\FW_20150515.RES
C:\Users\OP\documents\visual studio 2012\Projects\FW_20150515\FW_20150515\Debug\FW_20150515.obj
C:\Users\OP\documents\visual studio 2012\Projects\FW_20150515\FW_20150515\Debug\SpaceGenerator.obj
C:\Users\OP\documents\visual studio 2012\Projects\FW_20150515\FW_20150515\Debug\stdafx.obj
C:\Users\OP\documents\visual studio 2012\Projects\FW_20150515\FW_20150515\Debug\cl.command.1.tlog
C:\Users\OP\documents\visual studio 2012\Projects\FW_20150515\FW_20150515\Debug\CL.read.1.tlog
C:\Users\OP\documents\visual studio 2012\Projects\FW_20150515\FW_20150515\Debug\CL.write.1.tlog
C:\Users\OP\documents\visual studio 2012\Projects\FW_20150515\FW_20150515\Debug\link-cvtres.read.1.tlog
C:\Users\OP\documents\visual studio 2012\Projects\FW_20150515\FW_20150515\Debug\link-cvtres.write.1.tlog
C:\Users\OP\documents\visual studio 2012\Projects\FW_20150515\FW_20150515\Debug\link-rc.read.1.tlog
C:\Users\OP\documents\visual studio 2012\Projects\FW_20150515\FW_20150515\Debug\link-rc.write.1.tlog
C:\Users\OP\documents\visual studio 2012\Projects\FW_20150515\FW_20150515\Debug\link.command.1.tlog
C:\Users\OP\documents\visual studio 2012\Projects\FW_20150515\FW_20150515\Debug\link.read.1.tlog
C:\Users\OP\documents\visual studio 2012\Projects\FW_20150515\FW_20150515\Debug\link.write.1.tlog
C:\Users\OP\documents\visual studio 2012\Projects\FW_20150515\FW_20150515\Debug\rc.command.1.tlog
C:\Users\OP\documents\visual studio 2012\Projects\FW_20150515\FW_20150515\Debug\rc.read.1.tlog
C:\Users\OP\documents\visual studio 2012\Projects\FW_20150515\FW_20150515\Debug\rc.write.1.tlog
C:\Users\OP\documents\visual studio 2012\Projects\FW_20150515\FW_20150515\Debug\FW_20150515.res
C:\Users\OP\documents\visual studio 2012\Projects\FW_20150515\FW_20150515\Debug\FW_20150515.pch
C:\Users\OP\documents\visual studio 2012\Projects\FW_20150515\FW_20150515\Debug\vc110.idb
C:\Users\OP\documents\visual studio 2012\Projects\FW_20150515\FW_20150515\Debug\vc110.pdb
C:\Users\OP\documents\visual studio 2012\Projects\FW_20150515\Debug\FW_20150515.pdb
