C:\USERS\OP\DOCUMENTS\VISUAL STUDIO 2012\PROJECTS\FW_20150515\FWMAIN\DEBUG\FWMAIN.PCH
C:\USERS\OP\DOCUMENTS\VISUAL STUDIO 2012\PROJECTS\FW_20150515\FWMAIN\DEBUG\STDAFX.OBJ
C:\USERS\OP\DOCUMENTS\VISUAL STUDIO 2012\PROJECTS\FW_20150515\FWMAIN\DEBUG\VC110.PDB
C:\USERS\OP\DOCUMENTS\VISUAL STUDIO 2012\PROJECTS\FW_20150515\FWMAIN\DEBUG\DLLMAIN.OBJ
C:\USERS\OP\DOCUMENTS\VISUAL STUDIO 2012\PROJECTS\FW_20150515\FWMAIN\DEBUG\FWMSHFCTY.OBJ
C:\USERS\OP\DOCUMENTS\VISUAL STUDIO 2012\PROJECTS\FW_20150515\FWMAIN\DEBUG\FWMSHINTF.OBJ
C:\USERS\OP\DOCUMENTS\VISUAL STUDIO 2012\PROJECTS\FW_20150515\FWMAIN\DEBUG\FWNODE.OBJ
C:\USERS\OP\DOCUMENTS\VISUAL STUDIO 2012\PROJECTS\FW_20150515\FWMAIN\DEBUG\FWPARAM.OBJ
C:\USERS\OP\DOCUMENTS\VISUAL STUDIO 2012\PROJECTS\FW_20150515\FWMAIN\DEBUG\FWRIGID.OBJ
C:\USERS\OP\DOCUMENTS\VISUAL STUDIO 2012\PROJECTS\FW_20150515\FWMAIN\DEBUG\FWPOOL.OBJ
C:\USERS\OP\DOCUMENTS\VISUAL STUDIO 2012\PROJECTS\FW_20150515\FWMAIN\DEBUG\FWPRIM.OBJ
C:\USERS\OP\DOCUMENTS\VISUAL STUDIO 2012\PROJECTS\FW_20150515\FWMAIN\DEBUG\FWQUATE.OBJ
C:\USERS\OP\DOCUMENTS\VISUAL STUDIO 2012\PROJECTS\FW_20150515\FWMAIN\DEBUG\FWSCENE.OBJ
C:\USERS\OP\DOCUMENTS\VISUAL STUDIO 2012\PROJECTS\FW_20150515\FWMAIN\DEBUG\FWSCNMNGR.OBJ
C:\USERS\OP\DOCUMENTS\VISUAL STUDIO 2012\PROJECTS\FW_20150515\FWMAIN\DEBUG\FWSKIN.OBJ
C:\USERS\OP\DOCUMENTS\VISUAL STUDIO 2012\PROJECTS\FW_20150515\FWMAIN\DEBUG\FWSKNFCTY.OBJ
C:\USERS\OP\DOCUMENTS\VISUAL STUDIO 2012\PROJECTS\FW_20150515\FWMAIN\DEBUG\FWSKNINTF.OBJ
C:\USERS\OP\DOCUMENTS\VISUAL STUDIO 2012\PROJECTS\FW_20150515\FWMAIN\DEBUG\FWSPACE.OBJ
C:\USERS\OP\DOCUMENTS\VISUAL STUDIO 2012\PROJECTS\FW_20150515\FWMAIN\DEBUG\FWSPCFCTY.OBJ
C:\USERS\OP\DOCUMENTS\VISUAL STUDIO 2012\PROJECTS\FW_20150515\FWMAIN\DEBUG\FWSPCINTF.OBJ
C:\USERS\OP\DOCUMENTS\VISUAL STUDIO 2012\PROJECTS\FW_20150515\FWMAIN\DEBUG\FWTERRAIN.OBJ
C:\USERS\OP\DOCUMENTS\VISUAL STUDIO 2012\PROJECTS\FW_20150515\FWMAIN\DEBUG\FWTEXT2D.OBJ
C:\USERS\OP\DOCUMENTS\VISUAL STUDIO 2012\PROJECTS\FW_20150515\FWMAIN\DEBUG\FWTXTFCTY.OBJ
C:\USERS\OP\DOCUMENTS\VISUAL STUDIO 2012\PROJECTS\FW_20150515\FWMAIN\DEBUG\FWTXTINTF.OBJ
C:\USERS\OP\DOCUMENTS\VISUAL STUDIO 2012\PROJECTS\FW_20150515\FWMAIN\DEBUG\FWEFFALPHA.OBJ
C:\USERS\OP\DOCUMENTS\VISUAL STUDIO 2012\PROJECTS\FW_20150515\FWMAIN\DEBUG\FWEFFAMBLGT.OBJ
C:\USERS\OP\DOCUMENTS\VISUAL STUDIO 2012\PROJECTS\FW_20150515\FWMAIN\DEBUG\FWEFFZDEPTH.OBJ
C:\USERS\OP\DOCUMENTS\VISUAL STUDIO 2012\PROJECTS\FW_20150515\FWMAIN\DEBUG\FWEFFINTF.OBJ
C:\USERS\OP\DOCUMENTS\VISUAL STUDIO 2012\PROJECTS\FW_20150515\FWMAIN\DEBUG\FWEFFMNGR.OBJ
C:\USERS\OP\DOCUMENTS\VISUAL STUDIO 2012\PROJECTS\FW_20150515\FWMAIN\DEBUG\FWEFFSHWEDG.OBJ
C:\USERS\OP\DOCUMENTS\VISUAL STUDIO 2012\PROJECTS\FW_20150515\FWMAIN\DEBUG\FWENGINE.OBJ
C:\USERS\OP\DOCUMENTS\VISUAL STUDIO 2012\PROJECTS\FW_20150515\FWMAIN\DEBUG\FWDEVFCTY.OBJ
C:\USERS\OP\DOCUMENTS\VISUAL STUDIO 2012\PROJECTS\FW_20150515\FWMAIN\DEBUG\FWEXPPARSE.OBJ
C:\USERS\OP\DOCUMENTS\VISUAL STUDIO 2012\PROJECTS\FW_20150515\FWMAIN\DEBUG\FWGUIMNGR.OBJ
C:\USERS\OP\DOCUMENTS\VISUAL STUDIO 2012\PROJECTS\FW_20150515\FWMAIN\DEBUG\FWINTF.OBJ
C:\USERS\OP\DOCUMENTS\VISUAL STUDIO 2012\PROJECTS\FW_20150515\FWMAIN\DEBUG\FWLGTFCTY.OBJ
C:\USERS\OP\DOCUMENTS\VISUAL STUDIO 2012\PROJECTS\FW_20150515\FWMAIN\DEBUG\FWLGTINTF.OBJ
C:\USERS\OP\DOCUMENTS\VISUAL STUDIO 2012\PROJECTS\FW_20150515\FWMAIN\DEBUG\FWLIGHT.OBJ
C:\USERS\OP\DOCUMENTS\VISUAL STUDIO 2012\PROJECTS\FW_20150515\FWMAIN\DEBUG\FWMATERIAL.OBJ
C:\USERS\OP\DOCUMENTS\VISUAL STUDIO 2012\PROJECTS\FW_20150515\FWMAIN\DEBUG\FWMATRIX.OBJ
C:\USERS\OP\DOCUMENTS\VISUAL STUDIO 2012\PROJECTS\FW_20150515\FWMAIN\DEBUG\FWMDLMNGR.OBJ
C:\USERS\OP\DOCUMENTS\VISUAL STUDIO 2012\PROJECTS\FW_20150515\FWMAIN\DEBUG\FWMESH.OBJ
C:\USERS\OP\DOCUMENTS\VISUAL STUDIO 2012\PROJECTS\FW_20150515\FWMAIN\DEBUG\FWMISC.OBJ
C:\USERS\OP\DOCUMENTS\VISUAL STUDIO 2012\PROJECTS\FW_20150515\FWMAIN\DEBUG\FWMODEL.OBJ
C:\USERS\OP\DOCUMENTS\VISUAL STUDIO 2012\PROJECTS\FW_20150515\FWMAIN\DEBUG\FWAABBBOX.OBJ
C:\USERS\OP\DOCUMENTS\VISUAL STUDIO 2012\PROJECTS\FW_20150515\FWMAIN\DEBUG\FWCAMERA.OBJ
C:\USERS\OP\DOCUMENTS\VISUAL STUDIO 2012\PROJECTS\FW_20150515\FWMAIN\DEBUG\FWCAMFCTY.OBJ
C:\USERS\OP\DOCUMENTS\VISUAL STUDIO 2012\PROJECTS\FW_20150515\FWMAIN\DEBUG\FWCAMFREE.OBJ
C:\USERS\OP\DOCUMENTS\VISUAL STUDIO 2012\PROJECTS\FW_20150515\FWMAIN\DEBUG\FWCAMINTF.OBJ
C:\USERS\OP\DOCUMENTS\VISUAL STUDIO 2012\PROJECTS\FW_20150515\FWMAIN\DEBUG\FWCOLOR.OBJ
C:\USERS\OP\DOCUMENTS\VISUAL STUDIO 2012\PROJECTS\FW_20150515\FWMAIN\DEBUG\FWCOORD.OBJ
C:\USERS\OP\DOCUMENTS\VISUAL STUDIO 2012\PROJECTS\FW_20150515\FWMAIN\DEBUG\FWD3DMISC.OBJ
C:\USERS\OP\DOCUMENTS\VISUAL STUDIO 2012\PROJECTS\FW_20150515\FWMAIN\DEBUG\FWDEVICE.OBJ
C:\USERS\OP\DOCUMENTS\VISUAL STUDIO 2012\PROJECTS\FW_20150515\FWMAIN\DEBUG\FWDEVINTF.OBJ
C:\USERS\OP\DOCUMENTS\VISUAL STUDIO 2012\PROJECTS\FW_20150515\FWMAIN\DEBUG\FWEFFADVBD.OBJ
C:\Users\OP\documents\visual studio 2012\Projects\FW_20150515\FWMain\Debug\dllmain.obj
C:\Users\OP\documents\visual studio 2012\Projects\FW_20150515\FWMain\Debug\FWAABBBox.obj
C:\Users\OP\documents\visual studio 2012\Projects\FW_20150515\FWMain\Debug\FWCamera.obj
C:\Users\OP\documents\visual studio 2012\Projects\FW_20150515\FWMain\Debug\FWCamFcty.obj
C:\Users\OP\documents\visual studio 2012\Projects\FW_20150515\FWMain\Debug\FWCamFree.obj
C:\Users\OP\documents\visual studio 2012\Projects\FW_20150515\FWMain\Debug\FWCamIntf.obj
C:\Users\OP\documents\visual studio 2012\Projects\FW_20150515\FWMain\Debug\FWColor.obj
C:\Users\OP\documents\visual studio 2012\Projects\FW_20150515\FWMain\Debug\FWCoord.obj
C:\Users\OP\documents\visual studio 2012\Projects\FW_20150515\FWMain\Debug\FWD3DMisc.obj
C:\Users\OP\documents\visual studio 2012\Projects\FW_20150515\FWMain\Debug\FWDevFcty.obj
C:\Users\OP\documents\visual studio 2012\Projects\FW_20150515\FWMain\Debug\FWDevice.obj
C:\Users\OP\documents\visual studio 2012\Projects\FW_20150515\FWMain\Debug\FWDevIntf.obj
C:\Users\OP\documents\visual studio 2012\Projects\FW_20150515\FWMain\Debug\FWEffAdvBd.obj
C:\Users\OP\documents\visual studio 2012\Projects\FW_20150515\FWMain\Debug\FWEffAlpha.obj
C:\Users\OP\documents\visual studio 2012\Projects\FW_20150515\FWMain\Debug\FWEffAmbLgt.obj
C:\Users\OP\documents\visual studio 2012\Projects\FW_20150515\FWMain\Debug\FWEffIntf.obj
C:\Users\OP\documents\visual studio 2012\Projects\FW_20150515\FWMain\Debug\FWEffMngr.obj
C:\Users\OP\documents\visual studio 2012\Projects\FW_20150515\FWMain\Debug\FWEffShwEdg.obj
C:\Users\OP\documents\visual studio 2012\Projects\FW_20150515\FWMain\Debug\FWEffZDepth.obj
C:\Users\OP\documents\visual studio 2012\Projects\FW_20150515\FWMain\Debug\FWEngine.obj
C:\Users\OP\documents\visual studio 2012\Projects\FW_20150515\FWMain\Debug\FWExpParse.obj
C:\Users\OP\documents\visual studio 2012\Projects\FW_20150515\FWMain\Debug\FWGuiMngr.obj
C:\Users\OP\documents\visual studio 2012\Projects\FW_20150515\FWMain\Debug\FWIntf.obj
C:\Users\OP\documents\visual studio 2012\Projects\FW_20150515\FWMain\Debug\FWLgtFcty.obj
C:\Users\OP\documents\visual studio 2012\Projects\FW_20150515\FWMain\Debug\FWLgtIntf.obj
C:\Users\OP\documents\visual studio 2012\Projects\FW_20150515\FWMain\Debug\FWLight.obj
C:\Users\OP\documents\visual studio 2012\Projects\FW_20150515\FWMain\Debug\FWMaterial.obj
C:\Users\OP\documents\visual studio 2012\Projects\FW_20150515\FWMain\Debug\FWMatrix.obj
C:\Users\OP\documents\visual studio 2012\Projects\FW_20150515\FWMain\Debug\FWMdlMngr.obj
C:\Users\OP\documents\visual studio 2012\Projects\FW_20150515\FWMain\Debug\FWMesh.obj
C:\Users\OP\documents\visual studio 2012\Projects\FW_20150515\FWMain\Debug\FWMisc.obj
C:\Users\OP\documents\visual studio 2012\Projects\FW_20150515\FWMain\Debug\FWModel.obj
C:\Users\OP\documents\visual studio 2012\Projects\FW_20150515\FWMain\Debug\FWMshFcty.obj
C:\Users\OP\documents\visual studio 2012\Projects\FW_20150515\FWMain\Debug\FWMshIntf.obj
C:\Users\OP\documents\visual studio 2012\Projects\FW_20150515\FWMain\Debug\FWNode.obj
C:\Users\OP\documents\visual studio 2012\Projects\FW_20150515\FWMain\Debug\FWParam.obj
C:\Users\OP\documents\visual studio 2012\Projects\FW_20150515\FWMain\Debug\FWPool.obj
C:\Users\OP\documents\visual studio 2012\Projects\FW_20150515\FWMain\Debug\FWPrim.obj
C:\Users\OP\documents\visual studio 2012\Projects\FW_20150515\FWMain\Debug\FWQuate.obj
C:\Users\OP\documents\visual studio 2012\Projects\FW_20150515\FWMain\Debug\FWRigid.obj
C:\Users\OP\documents\visual studio 2012\Projects\FW_20150515\FWMain\Debug\FWScene.obj
C:\Users\OP\documents\visual studio 2012\Projects\FW_20150515\FWMain\Debug\FWScnMngr.obj
C:\Users\OP\documents\visual studio 2012\Projects\FW_20150515\FWMain\Debug\FWSkin.obj
C:\Users\OP\documents\visual studio 2012\Projects\FW_20150515\FWMain\Debug\FWSknFcty.obj
C:\Users\OP\documents\visual studio 2012\Projects\FW_20150515\FWMain\Debug\FWSknIntf.obj
C:\Users\OP\documents\visual studio 2012\Projects\FW_20150515\FWMain\Debug\FWSpace.obj
C:\Users\OP\documents\visual studio 2012\Projects\FW_20150515\FWMain\Debug\FWSpcFcty.obj
C:\Users\OP\documents\visual studio 2012\Projects\FW_20150515\FWMain\Debug\FWSpcIntf.obj
C:\Users\OP\documents\visual studio 2012\Projects\FW_20150515\FWMain\Debug\FWTerrain.obj
C:\Users\OP\documents\visual studio 2012\Projects\FW_20150515\FWMain\Debug\FWText2D.obj
C:\Users\OP\documents\visual studio 2012\Projects\FW_20150515\FWMain\Debug\FWTxtFcty.obj
C:\Users\OP\documents\visual studio 2012\Projects\FW_20150515\FWMain\Debug\FWTxtIntf.obj
C:\Users\OP\documents\visual studio 2012\Projects\FW_20150515\FWMain\Debug\stdafx.obj
C:\Users\OP\documents\visual studio 2012\Projects\FW_20150515\FWMain\Debug\cl.command.1.tlog
C:\Users\OP\documents\visual studio 2012\Projects\FW_20150515\FWMain\Debug\CL.read.1.tlog
C:\Users\OP\documents\visual studio 2012\Projects\FW_20150515\FWMain\Debug\CL.write.1.tlog
C:\Users\OP\documents\visual studio 2012\Projects\FW_20150515\FWMain\Debug\link-cvtres.read.1.tlog
C:\Users\OP\documents\visual studio 2012\Projects\FW_20150515\FWMain\Debug\link-cvtres.write.1.tlog
C:\Users\OP\documents\visual studio 2012\Projects\FW_20150515\FWMain\Debug\link-rc.read.1.tlog
C:\Users\OP\documents\visual studio 2012\Projects\FW_20150515\FWMain\Debug\link-rc.write.1.tlog
C:\Users\OP\documents\visual studio 2012\Projects\FW_20150515\FWMain\Debug\link.command.1.tlog
C:\Users\OP\documents\visual studio 2012\Projects\FW_20150515\FWMain\Debug\link.read.1.tlog
C:\Users\OP\documents\visual studio 2012\Projects\FW_20150515\FWMain\Debug\link.write.1.tlog
C:\Users\OP\documents\visual studio 2012\Projects\FW_20150515\FWMain\Debug\FWMain.pch
C:\Users\OP\documents\visual studio 2012\Projects\FW_20150515\FWMain\Debug\vc110.idb
C:\Users\OP\documents\visual studio 2012\Projects\FW_20150515\FWMain\Debug\vc110.pdb
C:\Users\OP\documents\visual studio 2012\Projects\FW_20150515\Debug\FWMain.pdb
