C:\USERS\OP\DOCUMENTS\VISUAL STUDIO 2012\PROJECTS\FW_20150515\OPTOOLS\DEBUG\OPTOOLS.PCH
C:\USERS\OP\DOCUMENTS\VISUAL STUDIO 2012\PROJECTS\FW_20150515\OPTOOLS\DEBUG\STDAFX.OBJ
C:\USERS\OP\DOCUMENTS\VISUAL STUDIO 2012\PROJECTS\FW_20150515\OPTOOLS\DEBUG\VC110.PDB
C:\USERS\OP\DOCUMENTS\VISUAL STUDIO 2012\PROJECTS\FW_20150515\OPTOOLS\DEBUG\BITSET.OBJ
C:\USERS\OP\DOCUMENTS\VISUAL STUDIO 2012\PROJECTS\FW_20150515\OPTOOLS\DEBUG\FILE.OBJ
C:\USERS\OP\DOCUMENTS\VISUAL STUDIO 2012\PROJECTS\FW_20150515\OPTOOLS\DEBUG\HANDLE.OBJ
C:\USERS\OP\DOCUMENTS\VISUAL STUDIO 2012\PROJECTS\FW_20150515\OPTOOLS\DEBUG\MD5.OBJ
C:\USERS\OP\DOCUMENTS\VISUAL STUDIO 2012\PROJECTS\FW_20150515\OPTOOLS\DEBUG\STRING.OBJ
C:\USERS\OP\DOCUMENTS\VISUAL STUDIO 2012\PROJECTS\FW_20150515\OPTOOLS\DEBUG\DLLMAIN.OBJ
C:\USERS\OP\DOCUMENTS\VISUAL STUDIO 2012\PROJECTS\FW_20150515\DEBUG\OPTOOLS.ILK
C:\USERS\OP\DOCUMENTS\VISUAL STUDIO 2012\PROJECTS\FW_20150515\DEBUG\OPTOOLS.DLL
C:\USERS\OP\DOCUMENTS\VISUAL STUDIO 2012\PROJECTS\FW_20150515\DEBUG\OPTOOLS.PDB
C:\Users\OP\documents\visual studio 2012\Projects\FW_20150515\Debug\OPTools.lib
C:\Users\OP\documents\visual studio 2012\Projects\FW_20150515\Debug\OPTools.exp
C:\Users\OP\documents\visual studio 2012\Projects\FW_20150515\OPTools\Debug\BitSet.obj
C:\Users\OP\documents\visual studio 2012\Projects\FW_20150515\OPTools\Debug\dllmain.obj
C:\Users\OP\documents\visual studio 2012\Projects\FW_20150515\OPTools\Debug\File.obj
C:\Users\OP\documents\visual studio 2012\Projects\FW_20150515\OPTools\Debug\Handle.obj
C:\Users\OP\documents\visual studio 2012\Projects\FW_20150515\OPTools\Debug\MD5.obj
C:\Users\OP\documents\visual studio 2012\Projects\FW_20150515\OPTools\Debug\stdafx.obj
C:\Users\OP\documents\visual studio 2012\Projects\FW_20150515\OPTools\Debug\String.obj
C:\Users\OP\documents\visual studio 2012\Projects\FW_20150515\OPTools\Debug\cl.command.1.tlog
C:\Users\OP\documents\visual studio 2012\Projects\FW_20150515\OPTools\Debug\CL.read.1.tlog
C:\Users\OP\documents\visual studio 2012\Projects\FW_20150515\OPTools\Debug\CL.write.1.tlog
C:\Users\OP\documents\visual studio 2012\Projects\FW_20150515\OPTools\Debug\link-cvtres.read.1.tlog
C:\Users\OP\documents\visual studio 2012\Projects\FW_20150515\OPTools\Debug\link-cvtres.write.1.tlog
C:\Users\OP\documents\visual studio 2012\Projects\FW_20150515\OPTools\Debug\link-rc.read.1.tlog
C:\Users\OP\documents\visual studio 2012\Projects\FW_20150515\OPTools\Debug\link-rc.write.1.tlog
C:\Users\OP\documents\visual studio 2012\Projects\FW_20150515\OPTools\Debug\link.command.1.tlog
C:\Users\OP\documents\visual studio 2012\Projects\FW_20150515\OPTools\Debug\link.read.1.tlog
C:\Users\OP\documents\visual studio 2012\Projects\FW_20150515\OPTools\Debug\link.write.1.tlog
C:\Users\OP\documents\visual studio 2012\Projects\FW_20150515\OPTools\Debug\OPTools.write.1.tlog
C:\Users\OP\documents\visual studio 2012\Projects\FW_20150515\OPTools\Debug\OPTools.pch
C:\Users\OP\documents\visual studio 2012\Projects\FW_20150515\OPTools\Debug\vc110.idb
C:\Users\OP\documents\visual studio 2012\Projects\FW_20150515\OPTools\Debug\vc110.pdb
C:\Users\OP\documents\visual studio 2012\Projects\FW_20150515\Debug\OPTools.pdb
C:\Users\OP\documents\visual studio 2012\Projects\FW_20150515\Debug\OPTools.dll
C:\Users\OP\documents\visual studio 2012\Projects\FW_20150515\Debug\OPTools.ilk
