C:\USERS\OP\DOCUMENTS\VISUAL STUDIO 2012\PROJECTS\FW_20150515\OPMATH\DEBUG\BOXAABB.OBJ
C:\USERS\OP\DOCUMENTS\VISUAL STUDIO 2012\PROJECTS\FW_20150515\OPMATH\DEBUG\CONE.OBJ
C:\USERS\OP\DOCUMENTS\VISUAL STUDIO 2012\PROJECTS\FW_20150515\OPMATH\DEBUG\COORD.OBJ
C:\USERS\OP\DOCUMENTS\VISUAL STUDIO 2012\PROJECTS\FW_20150515\OPMATH\DEBUG\LINE2D.OBJ
C:\USERS\OP\DOCUMENTS\VISUAL STUDIO 2012\PROJECTS\FW_20150515\OPMATH\DEBUG\LNEQUA.OBJ
C:\USERS\OP\DOCUMENTS\VISUAL STUDIO 2012\PROJECTS\FW_20150515\OPMATH\DEBUG\MATH.OBJ
C:\USERS\OP\DOCUMENTS\VISUAL STUDIO 2012\PROJECTS\FW_20150515\OPMATH\DEBUG\MATRIX.OBJ
C:\USERS\OP\DOCUMENTS\VISUAL STUDIO 2012\PROJECTS\FW_20150515\OPMATH\DEBUG\PLANE.OBJ
C:\USERS\OP\DOCUMENTS\VISUAL STUDIO 2012\PROJECTS\FW_20150515\OPMATH\DEBUG\POINT.OBJ
C:\USERS\OP\DOCUMENTS\VISUAL STUDIO 2012\PROJECTS\FW_20150515\OPMATH\DEBUG\POLYG2D.OBJ
C:\USERS\OP\DOCUMENTS\VISUAL STUDIO 2012\PROJECTS\FW_20150515\OPMATH\DEBUG\RAY.OBJ
C:\USERS\OP\DOCUMENTS\VISUAL STUDIO 2012\PROJECTS\FW_20150515\OPMATH\DEBUG\RECT.OBJ
C:\USERS\OP\DOCUMENTS\VISUAL STUDIO 2012\PROJECTS\FW_20150515\OPMATH\DEBUG\RIGID.OBJ
C:\USERS\OP\DOCUMENTS\VISUAL STUDIO 2012\PROJECTS\FW_20150515\OPMATH\DEBUG\SPHERE.OBJ
C:\USERS\OP\DOCUMENTS\VISUAL STUDIO 2012\PROJECTS\FW_20150515\OPMATH\DEBUG\TRIANGLE.OBJ
C:\USERS\OP\DOCUMENTS\VISUAL STUDIO 2012\PROJECTS\FW_20150515\OPMATH\DEBUG\VECTOR.OBJ
C:\USERS\OP\DOCUMENTS\VISUAL STUDIO 2012\PROJECTS\FW_20150515\OPMATH\DEBUG\VC110.PDB
C:\USERS\OP\DOCUMENTS\VISUAL STUDIO 2012\PROJECTS\FW_20150515\DEBUG\OPMATH.LIB
C:\Users\OP\documents\visual studio 2012\Projects\FW_20150515\OPMath\Debug\BoxAABB.obj
C:\Users\OP\documents\visual studio 2012\Projects\FW_20150515\OPMath\Debug\Cone.obj
C:\Users\OP\documents\visual studio 2012\Projects\FW_20150515\OPMath\Debug\Coord.obj
C:\Users\OP\documents\visual studio 2012\Projects\FW_20150515\OPMath\Debug\Line2D.obj
C:\Users\OP\documents\visual studio 2012\Projects\FW_20150515\OPMath\Debug\LnEqua.obj
C:\Users\OP\documents\visual studio 2012\Projects\FW_20150515\OPMath\Debug\Math.obj
C:\Users\OP\documents\visual studio 2012\Projects\FW_20150515\OPMath\Debug\Matrix.obj
C:\Users\OP\documents\visual studio 2012\Projects\FW_20150515\OPMath\Debug\Plane.obj
C:\Users\OP\documents\visual studio 2012\Projects\FW_20150515\OPMath\Debug\Point.obj
C:\Users\OP\documents\visual studio 2012\Projects\FW_20150515\OPMath\Debug\Polyg2D.obj
C:\Users\OP\documents\visual studio 2012\Projects\FW_20150515\OPMath\Debug\Ray.obj
C:\Users\OP\documents\visual studio 2012\Projects\FW_20150515\OPMath\Debug\Rect.obj
C:\Users\OP\documents\visual studio 2012\Projects\FW_20150515\OPMath\Debug\Rigid.obj
C:\Users\OP\documents\visual studio 2012\Projects\FW_20150515\OPMath\Debug\Sphere.obj
C:\Users\OP\documents\visual studio 2012\Projects\FW_20150515\OPMath\Debug\Triangle.obj
C:\Users\OP\documents\visual studio 2012\Projects\FW_20150515\OPMath\Debug\Vector.obj
C:\Users\OP\documents\visual studio 2012\Projects\FW_20150515\OPMath\Debug\cl.command.1.tlog
C:\Users\OP\documents\visual studio 2012\Projects\FW_20150515\OPMath\Debug\CL.read.1.tlog
C:\Users\OP\documents\visual studio 2012\Projects\FW_20150515\OPMath\Debug\CL.write.1.tlog
C:\Users\OP\documents\visual studio 2012\Projects\FW_20150515\OPMath\Debug\Lib-link.read.1.tlog
C:\Users\OP\documents\visual studio 2012\Projects\FW_20150515\OPMath\Debug\Lib-link.write.1.tlog
C:\Users\OP\documents\visual studio 2012\Projects\FW_20150515\OPMath\Debug\lib.command.1.tlog
C:\Users\OP\documents\visual studio 2012\Projects\FW_20150515\OPMath\Debug\vc110.idb
C:\Users\OP\documents\visual studio 2012\Projects\FW_20150515\OPMath\Debug\vc110.pdb
C:\Users\OP\documents\visual studio 2012\Projects\FW_20150515\Debug\OPMath.lib
